0 info it worked if it ends with ok
1 verbose cli [ '/usr/local/bin/node',
1 verbose cli   '/usr/local/bin/npm',
1 verbose cli   'run',
1 verbose cli   'refreshMongo' ]
2 info using npm@3.9.5
3 info using node@v6.2.2
4 verbose run-script [ 'prerefreshMongo', 'refreshMongo', 'postrefreshMongo' ]
5 info lifecycle server@1.0.0~prerefreshMongo: server@1.0.0
6 silly lifecycle server@1.0.0~prerefreshMongo: no script for prerefreshMongo, continuing
7 info lifecycle server@1.0.0~refreshMongo: server@1.0.0
8 verbose lifecycle server@1.0.0~refreshMongo: unsafe-perm in lifecycle true
9 verbose lifecycle server@1.0.0~refreshMongo: PATH: /usr/local/lib/node_modules/npm/bin/node-gyp-bin:/home/zhangsha/WebstormProjects/Environment_listener/node_modules/.bin:/usr/local/bin:/usr/local/sbin:/usr/local/bin:/usr/sbin:/usr/bin:/sbin:/bin:/usr/games:/usr/local/games:/snap/bin
10 verbose lifecycle server@1.0.0~refreshMongo: CWD: /home/zhangsha/WebstormProjects/Environment_listener
11 silly lifecycle server@1.0.0~refreshMongo: Args: [ '-c', 'node ./server/util/refresh-mongo.js' ]
12 silly lifecycle server@1.0.0~refreshMongo: Returned: code: 1  signal: null
13 info lifecycle server@1.0.0~refreshMongo: Failed to exec refreshMongo script
14 verbose stack Error: server@1.0.0 refreshMongo: `node ./server/util/refresh-mongo.js`
14 verbose stack Exit status 1
14 verbose stack     at EventEmitter.<anonymous> (/usr/local/lib/node_modules/npm/lib/utils/lifecycle.js:245:16)
14 verbose stack     at emitTwo (events.js:106:13)
14 verbose stack     at EventEmitter.emit (events.js:191:7)
14 verbose stack     at ChildProcess.<anonymous> (/usr/local/lib/node_modules/npm/lib/utils/spawn.js:24:14)
14 verbose stack     at emitTwo (events.js:106:13)
14 verbose stack     at ChildProcess.emit (events.js:191:7)
14 verbose stack     at maybeClose (internal/child_process.js:852:16)
14 verbose stack     at Process.ChildProcess._handle.onexit (internal/child_process.js:215:5)
15 verbose pkgid server@1.0.0
16 verbose cwd /home/zhangsha/WebstormProjects/Environment_listener
17 error Linux 4.4.0-57-generic
18 error argv "/usr/local/bin/node" "/usr/local/bin/npm" "run" "refreshMongo"
19 error node v6.2.2
20 error npm  v3.9.5
21 error code ELIFECYCLE
22 error server@1.0.0 refreshMongo: `node ./server/util/refresh-mongo.js`
22 error Exit status 1
23 error Failed at the server@1.0.0 refreshMongo script 'node ./server/util/refresh-mongo.js'.
23 error Make sure you have the latest version of node.js and npm installed.
23 error If you do, this is most likely a problem with the server package,
23 error not with npm itself.
23 error Tell the author that this fails on your system:
23 error     node ./server/util/refresh-mongo.js
23 error You can get information on how to open an issue for this project with:
23 error     npm bugs server
23 error Or if that isn't available, you can get their info via:
23 error     npm owner ls server
23 error There is likely additional logging output above.
24 verbose exit [ 1, true ]
